This is pdfTeX, Version 3.1415926-2.5-1.40.14 (MiKTeX 2.9) (preloaded format=pdflatex 2015.8.18)  21 JAN 2017 18:56
entering extended mode
**Spectroscopy*and*Photo*Sensing.tex

("C:\Users\Luis Eduardo\Documents\KIT\SpectroscopyAndPhotosensing\Spectroscopy 
and Photo Sensing\Spectroscopy and Photo Sensing.tex"
LaTeX2e <2011/06/27>
Babel <v3.8m> and hyphenation patterns for english, afrikaans, ancientgreek, ar
abic, armenian, assamese, basque, bengali, bokmal, bulgarian, catalan, coptic, 
croatian, czech, danish, dutch, esperanto, estonian, farsi, finnish, french, ga
lician, german, german-x-2013-05-26, greek, gujarati, hindi, hungarian, iceland
ic, indonesian, interlingua, irish, italian, kannada, kurmanji, latin, latvian,
 lithuanian, malayalam, marathi, mongolian, mongolianlmc, monogreek, ngerman, n
german-x-2013-05-26, nynorsk, oriya, panjabi, pinyin, polish, portuguese, roman
ian, russian, sanskrit, serbian, slovak, slovenian, spanish, swedish, swissgerm
an, tamil, telugu, turkish, turkmen, ukenglish, ukrainian, uppersorbian, usengl
ishmax, welsh, loaded.

("C:\Users\Luis Eduardo\AppData\Roaming\MiKTeX\2.9\tex\latex\elsarticle\elsarti
cle.cls"
Document Class: elsarticle 2009/09/17, 1.2.0: Elsevier Ltd
\@bls=\dimen102
("C:\Program Files (x86)\MiKTeX 2.9\tex\latex\base\article.cls"
Document Class: article 2007/10/19 v1.4h Standard LaTeX document class
("C:\Program Files (x86)\MiKTeX 2.9\tex\latex\base\size12.clo"
File: size12.clo 2007/10/19 v1.4h Standard LaTeX file (size option)
)
\c@part=\count79
\c@section=\count80
\c@subsection=\count81
\c@subsubsection=\count82
\c@paragraph=\count83
\c@subparagraph=\count84
\c@figure=\count85
\c@table=\count86
\abovecaptionskip=\skip41
\belowcaptionskip=\skip42
\bibindent=\dimen103
)
("C:\Program Files (x86)\MiKTeX 2.9\tex\latex\graphics\graphicx.sty"
Package: graphicx 1999/02/16 v1.0f Enhanced LaTeX Graphics (DPC,SPQR)

("C:\Program Files (x86)\MiKTeX 2.9\tex\latex\graphics\keyval.sty"
Package: keyval 1999/03/16 v1.13 key=value parser (DPC)
\KV@toks@=\toks14
)
("C:\Program Files (x86)\MiKTeX 2.9\tex\latex\graphics\graphics.sty"
Package: graphics 2009/02/05 v1.0o Standard LaTeX Graphics (DPC,SPQR)

("C:\Program Files (x86)\MiKTeX 2.9\tex\latex\graphics\trig.sty"
Package: trig 1999/03/16 v1.09 sin cos tan (DPC)
)
("C:\Program Files (x86)\MiKTeX 2.9\tex\latex\00miktex\graphics.cfg"
File: graphics.cfg 2007/01/18 v1.5 graphics configuration of teTeX/TeXLive
)
Package graphics Info: Driver file: pdftex.def on input line 91.

("C:\Program Files (x86)\MiKTeX 2.9\tex\latex\pdftex-def\pdftex.def"
File: pdftex.def 2011/05/27 v0.06d Graphics/color for pdfTeX

("C:\Program Files (x86)\MiKTeX 2.9\tex\generic\oberdiek\infwarerr.sty"
Package: infwarerr 2010/04/08 v1.3 Providing info/warning/error messages (HO)
)
("C:\Program Files (x86)\MiKTeX 2.9\tex\generic\oberdiek\ltxcmds.sty"
Package: ltxcmds 2011/11/09 v1.22 LaTeX kernel commands for general use (HO)
)
\Gread@gobject=\count87
))
\Gin@req@height=\dimen104
\Gin@req@width=\dimen105
)
("C:\Program Files (x86)\MiKTeX 2.9\tex\latex\psnfss\pifont.sty"
Package: pifont 2005/04/12 PSNFSS-v9.2a Pi font support (SPQR) 
LaTeX Font Info:    Try loading font information for U+pzd on input line 63.

("C:\Program Files (x86)\MiKTeX 2.9\tex\latex\psnfss\upzd.fd"
File: upzd.fd 2001/06/04 font definitions for U/pzd.
)
LaTeX Font Info:    Try loading font information for U+psy on input line 64.

("C:\Program Files (x86)\MiKTeX 2.9\tex\latex\psnfss\upsy.fd"
File: upsy.fd 2001/06/04 font definitions for U/psy.
))
\c@tnote=\count88
\c@fnote=\count89
\c@cnote=\count90
\c@ead=\count91
\c@author=\count92
\@eadauthor=\toks15
\c@affn=\count93
\absbox=\box26
\keybox=\box27
\Columnwidth=\dimen106
\space@left=\dimen107
\els@boxa=\box28
\els@boxb=\box29
\leftMargin=\dimen108
\@enLab=\toks16
\@sep=\skip43
\@@sep=\skip44

("C:\Users\Luis Eduardo\Documents\KIT\SpectroscopyAndPhotosensing\Spectroscopy 
and Photo Sensing\Spectroscopy and Photo Sensing.spl")
("C:\Users\Luis Eduardo\AppData\Roaming\MiKTeX\2.9\tex\latex\natbib\natbib.sty"
Package: natbib 2010/09/13 8.31b (PWD, AO)
\bibhang=\skip45
\bibsep=\skip46
LaTeX Info: Redefining \cite on input line 694.
\c@NAT@ctr=\count94
)
\splwrite=\write3
) ("C:\Program Files (x86)\MiKTeX 2.9\tex\latex\amsmath\amsmath.sty"
Package: amsmath 2013/01/14 v2.14 AMS math features
\@mathmargin=\skip47

For additional information on amsmath, use the `?' option.
("C:\Program Files (x86)\MiKTeX 2.9\tex\latex\amsmath\amstext.sty"
Package: amstext 2000/06/29 v2.01

("C:\Program Files (x86)\MiKTeX 2.9\tex\latex\amsmath\amsgen.sty"
File: amsgen.sty 1999/11/30 v2.0
\@emptytoks=\toks17
\ex@=\dimen109
))
("C:\Program Files (x86)\MiKTeX 2.9\tex\latex\amsmath\amsbsy.sty"
Package: amsbsy 1999/11/29 v1.2d
\pmbraise@=\dimen110
)
("C:\Program Files (x86)\MiKTeX 2.9\tex\latex\amsmath\amsopn.sty"
Package: amsopn 1999/12/14 v2.01 operator names
)
\inf@bad=\count95
LaTeX Info: Redefining \frac on input line 210.
\uproot@=\count96
\leftroot@=\count97
LaTeX Info: Redefining \overline on input line 306.
\classnum@=\count98
\DOTSCASE@=\count99
LaTeX Info: Redefining \ldots on input line 378.
LaTeX Info: Redefining \dots on input line 381.
LaTeX Info: Redefining \cdots on input line 466.
\Mathstrutbox@=\box30
\strutbox@=\box31
\big@size=\dimen111
LaTeX Font Info:    Redeclaring font encoding OML on input line 566.
LaTeX Font Info:    Redeclaring font encoding OMS on input line 567.
\macc@depth=\count100
\c@MaxMatrixCols=\count101
\dotsspace@=\muskip10
\c@parentequation=\count102
\dspbrk@lvl=\count103
\tag@help=\toks18
\row@=\count104
\column@=\count105
\maxfields@=\count106
\andhelp@=\toks19
\eqnshift@=\dimen112
\alignsep@=\dimen113
\tagshift@=\dimen114
\tagwidth@=\dimen115
\totwidth@=\dimen116
\lineht@=\dimen117
\@envbody=\toks20
\multlinegap=\skip48
\multlinetaggap=\skip49
\mathdisplay@stack=\toks21
LaTeX Info: Redefining \[ on input line 2665.
LaTeX Info: Redefining \] on input line 2666.
)
("C:\Program Files (x86)\MiKTeX 2.9\tex\latex\oberdiek\epstopdf.sty"
Package: epstopdf 2010/02/09 v2.5 Conversion with epstopdf on the fly (HO)

("C:\Program Files (x86)\MiKTeX 2.9\tex\latex\oberdiek\epstopdf-base.sty"
Package: epstopdf-base 2010/02/09 v2.5 Base part for package epstopdf

("C:\Program Files (x86)\MiKTeX 2.9\tex\latex\oberdiek\grfext.sty"
Package: grfext 2010/08/19 v1.1 Manage graphics extensions (HO)

("C:\Program Files (x86)\MiKTeX 2.9\tex\generic\oberdiek\kvdefinekeys.sty"
Package: kvdefinekeys 2011/04/07 v1.3 Define keys (HO)
))
("C:\Program Files (x86)\MiKTeX 2.9\tex\latex\oberdiek\kvoptions.sty"
Package: kvoptions 2011/06/30 v3.11 Key value format for package options (HO)

("C:\Program Files (x86)\MiKTeX 2.9\tex\generic\oberdiek\kvsetkeys.sty"
Package: kvsetkeys 2012/04/25 v1.16 Key value parser (HO)

("C:\Program Files (x86)\MiKTeX 2.9\tex\generic\oberdiek\etexcmds.sty"
Package: etexcmds 2011/02/16 v1.5 Avoid name clashes with e-TeX commands (HO)

("C:\Program Files (x86)\MiKTeX 2.9\tex\generic\oberdiek\ifluatex.sty"
Package: ifluatex 2010/03/01 v1.3 Provides the ifluatex switch (HO)
Package ifluatex Info: LuaTeX not detected.
)
Package etexcmds Info: Could not find \expanded.
(etexcmds)             That can mean that you are not using pdfTeX 1.50 or
(etexcmds)             that some package has redefined \expanded.
(etexcmds)             In the latter case, load this package earlier.
)))
("C:\Program Files (x86)\MiKTeX 2.9\tex\generic\oberdiek\pdftexcmds.sty"
Package: pdftexcmds 2011/11/29 v0.20 Utility functions of pdfTeX for LuaTeX (HO
)

("C:\Program Files (x86)\MiKTeX 2.9\tex\generic\oberdiek\ifpdf.sty"
Package: ifpdf 2011/01/30 v2.3 Provides the ifpdf switch (HO)
Package ifpdf Info: pdfTeX in PDF mode is detected.
)
Package pdftexcmds Info: LuaTeX not detected.
Package pdftexcmds Info: \pdf@primitive is available.
Package pdftexcmds Info: \pdf@ifprimitive is available.
Package pdftexcmds Info: \pdfdraftmode found.
)
Package grfext Info: Graphics extension search list:
(grfext)             [.png,.pdf,.jpg,.mps,.jpeg,.jbig2,.jb2,.PNG,.PDF,.JPG,.JPE
G,.JBIG2,.JB2,.eps]
(grfext)             \AppendGraphicsExtensions on input line 452.
))
("C:\Program Files (x86)\MiKTeX 2.9\tex\latex\float\float.sty"
Package: float 2001/11/08 v1.3d Float enhancements (AL)
\c@float@type=\count107
\float@exts=\toks22
\float@box=\box32
\@float@everytoks=\toks23
\@floatcapt=\box33
)
("C:\Program Files (x86)\MiKTeX 2.9\tex\latex\amsfonts\amssymb.sty"
Package: amssymb 2013/01/14 v3.01 AMS font symbols

("C:\Program Files (x86)\MiKTeX 2.9\tex\latex\amsfonts\amsfonts.sty"
Package: amsfonts 2013/01/14 v3.01 Basic AMSFonts support
\symAMSa=\mathgroup4
\symAMSb=\mathgroup5
LaTeX Font Info:    Overwriting math alphabet `\mathfrak' in version `bold'
(Font)                  U/euf/m/n --> U/euf/b/n on input line 106.
))
("C:\Users\Luis Eduardo\Documents\KIT\SpectroscopyAndPhotosensing\Spectroscopy 
and Photo Sensing\Spectroscopy and Photo Sensing.aux"

LaTeX Warning: Label `fig:label' multiply defined.

)
LaTeX Font Info:    Checking defaults for OML/cmm/m/it on input line 75.
LaTeX Font Info:    ... okay on input line 75.
LaTeX Font Info:    Checking defaults for T1/cmr/m/n on input line 75.
LaTeX Font Info:    ... okay on input line 75.
LaTeX Font Info:    Checking defaults for OT1/cmr/m/n on input line 75.
LaTeX Font Info:    ... okay on input line 75.
LaTeX Font Info:    Checking defaults for OMS/cmsy/m/n on input line 75.
LaTeX Font Info:    ... okay on input line 75.
LaTeX Font Info:    Checking defaults for OMX/cmex/m/n on input line 75.
LaTeX Font Info:    ... okay on input line 75.
LaTeX Font Info:    Checking defaults for U/cmr/m/n on input line 75.
LaTeX Font Info:    ... okay on input line 75.

("C:\Users\Luis Eduardo\AppData\Roaming\MiKTeX\2.9\tex\context\base\supp-pdf.mk
ii"
[Loading MPS to PDF converter (version 2006.09.02).]
\scratchcounter=\count108
\scratchdimen=\dimen118
\scratchbox=\box34
\nofMPsegments=\count109
\nofMParguments=\count110
\everyMPshowfont=\toks24
\MPscratchCnt=\count111
\MPscratchDim=\dimen119
\MPnumerator=\count112
\makeMPintoPDFobject=\count113
\everyMPtoPDFconversion=\toks25
)
LaTeX Font Info:    Try loading font information for U+msa on input line 128.
 ("C:\Program Files (x86)\MiKTeX 2.9\tex\latex\amsfonts\umsa.fd"
File: umsa.fd 2013/01/14 v3.01 AMS symbols A
)
LaTeX Font Info:    Try loading font information for U+msb on input line 128.

("C:\Program Files (x86)\MiKTeX 2.9\tex\latex\amsfonts\umsb.fd"
File: umsb.fd 2013/01/14 v3.01 AMS symbols B
)
Underfull \hbox (badness 10000) in paragraph at lines 144--149

 []

[1


{C:/Users/Luis Eduardo/AppData/Local/MiKTeX/2.9/pdftex/config/pdftex.map}]
<Figures/Monochromator.png, id=10, 867.24pt x 554.07pt>
File: Figures/Monochromator.png Graphic file (type png)

<use Figures/Monochromator.png>
Package pdftex.def Info: Figures/Monochromator.png used on input line 152.
(pdftex.def)             Requested size: 389.80266pt x 249.04175pt.


LaTeX Warning: `!h' float specifier changed to `!ht'.


Overfull \hbox (9.69168pt too wide) in paragraph at lines 159--164
\OT1/cmr/m/n/12 tiv-ity of the mir-rors and the aber-ra-tions pro-duced by the 
op-ti-cal components[[]].
 []


Underfull \hbox (badness 10000) in paragraph at lines 159--164

 []

[2] [3 <C:/Users/Luis Eduardo/Documents/KIT/SpectroscopyAndPhotosensing/Spectro
scopy and Photo Sensing/Figures/Monochromator.png>]
<Figures/SetUp.jpeg, id=20, 606.265pt x 274.02374pt>
File: Figures/SetUp.jpeg Graphic file (type jpg)
 <use Figures/SetUp.jpeg>
Package pdftex.def Info: Figures/SetUp.jpeg used on input line 167.
(pdftex.def)             Requested size: 418.25542pt x 189.04732pt.

Overfull \hbox (28.25542pt too wide) in paragraph at lines 167--168
 [] 
 []

<Figures/PMTstruct.png, id=21, 804.00375pt x 359.3425pt>
File: Figures/PMTstruct.png Graphic file (type png)

<use Figures/PMTstruct.png>
Package pdftex.def Info: Figures/PMTstruct.png used on input line 177.
(pdftex.def)             Requested size: 389.80266pt x 174.2151pt.

Underfull \hbox (badness 10000) in paragraph at lines 173--184

 []


LaTeX Warning: `!h' float specifier changed to `!ht'.

[4 <C:/Users/Luis Eduardo/Documents/KIT/SpectroscopyAndPhotosensing/Spectroscop
y and Photo Sensing/Figures/SetUp.jpeg>]
Missing character: There is no ‚ in font cmr12!
Missing character: There is no Ä in font cmr12!
Missing character: There is no ú in font cmr12!
Missing character: There is no ‚ in font cmr12!
Missing character: There is no Ä in font cmr12!
Missing character: There is no ù in font cmr12!
Missing character: There is no ‚ in font cmr12!
Missing character: There is no Ä in font cmr12!
Missing character: There is no ô in font cmr12!

Underfull \hbox (badness 10000) in paragraph at lines 188--190

 []

[5 <C:/Users/Luis Eduardo/Documents/KIT/SpectroscopyAndPhotosensing/Spectroscop
y and Photo Sensing/Figures/PMTstruct.png>]
Overfull \hbox (3.39037pt too wide) in paragraph at lines 194--195
[]\OT1/cmr/m/n/12 To check the spec-tral in-ten-sity re-sponse of the pho-to-mu
l-ti-plier tube R1477-
 []


Underfull \hbox (badness 10000) in paragraph at lines 194--195

 []

<Figures/HalogenLamp.png, id=29, 676.5275pt x 483.8075pt>
File: Figures/HalogenLamp.png Graphic file (type png)

<use Figures/HalogenLamp.png>
Package pdftex.def Info: Figures/HalogenLamp.png used on input line 198.
(pdftex.def)             Requested size: 369.88582pt x 264.52252pt.


LaTeX Warning: `h' float specifier changed to `ht'.

<Figures/Hal2.png, id=30, 616.3025pt x 445.665pt>
File: Figures/Hal2.png Graphic file (type png)
 <use Figures/Hal2.png>
Package pdftex.def Info: Figures/Hal2.png used on input line 205.
(pdftex.def)             Requested size: 369.88582pt x 267.48267pt.

[6]
Overfull \vbox (85.39407pt too high) has occurred while \output is active []


[7 <C:/Users/Luis Eduardo/Documents/KIT/SpectroscopyAndPhotosensing/Spectroscop
y and Photo Sensing/Figures/HalogenLamp.png> <C:/Users/Luis Eduardo/Documents/K
IT/SpectroscopyAndPhotosensing/Spectroscopy and Photo Sensing/Figures/Hal2.png>
]
Underfull \hbox (badness 10000) in paragraph at lines 211--212

 []

<Figures/PMT.png, id=40, 579.16376pt x 461.725pt>
File: Figures/PMT.png Graphic file (type png)
 <use Figures/PMT.png>
Package pdftex.def Info: Figures/PMT.png used on input line 216.
(pdftex.def)             Requested size: 389.80266pt x 310.76321pt.
File: Figures/SetUp.jpeg Graphic file (type jpg)

<use Figures/SetUp.jpeg>
Package pdftex.def Info: Figures/SetUp.jpeg used on input line 225.
(pdftex.def)             Requested size: 455.24408pt x 205.76817pt.

Overfull \hbox (65.24408pt too wide) in paragraph at lines 225--226
 [] 
 []

[8 <C:/Users/Luis Eduardo/Documents/KIT/SpectroscopyAndPhotosensing/Spectroscop
y and Photo Sensing/Figures/PMT.png>]
<Figures/XBO.png, id=45, 570.13pt x 415.5525pt>
File: Figures/XBO.png Graphic file (type png)
 <use Figures/XBO.png>
Package pdftex.def Info: Figures/XBO.png used on input line 234.
(pdftex.def)             Requested size: 389.80266pt x 284.11278pt.
 [9]
Underfull \hbox (badness 10000) in paragraph at lines 239--240

 []


Underfull \hbox (badness 10000) in paragraph at lines 241--242

 []

<Figures/XBO2.png, id=49, 551.05875pt x 422.57875pt>
File: Figures/XBO2.png Graphic file (type png)
 <use Figures/XBO2.png>
Package pdftex.def Info: Figures/XBO2.png used on input line 249.
(pdftex.def)             Requested size: 389.80266pt x 298.93039pt.

[10 <C:/Users/Luis Eduardo/Documents/KIT/SpectroscopyAndPhotosensing/Spectrosco
py and Photo Sensing/Figures/XBO.png>]
<Figures/XBO3.png, id=54, 499.11469pt x 353.82187pt>
File: Figures/XBO3.png Graphic file (type png)
 <use Figures/XBO3.png>
Package pdftex.def Info: Figures/XBO3.png used on input line 258.
(pdftex.def)             Requested size: 389.80266pt x 276.33627pt.

[11 <C:/Users/Luis Eduardo/Documents/KIT/SpectroscopyAndPhotosensing/Spectrosco
py and Photo Sensing/Figures/XBO2.png>]
<Figures/XBO4.png, id=59, 499.11469pt x 353.82187pt>
File: Figures/XBO4.png Graphic file (type png)
 <use Figures/XBO4.png>
Package pdftex.def Info: Figures/XBO4.png used on input line 265.
(pdftex.def)             Requested size: 389.80266pt x 276.33627pt.

[12 <C:/Users/Luis Eduardo/Documents/KIT/SpectroscopyAndPhotosensing/Spectrosco
py and Photo Sensing/Figures/XBO3.png>]
<Figures/XBO5.png, id=63, 499.11469pt x 353.82187pt>
File: Figures/XBO5.png Graphic file (type png)
 <use Figures/XBO5.png>
Package pdftex.def Info: Figures/XBO5.png used on input line 276.
(pdftex.def)             Requested size: 389.80266pt x 276.33627pt.

[13 <C:/Users/Luis Eduardo/Documents/KIT/SpectroscopyAndPhotosensing/Spectrosco
py and Photo Sensing/Figures/XBO4.png>]
<Figures/XBO6.png, id=68, 499.11469pt x 353.82187pt>
File: Figures/XBO6.png Graphic file (type png)
 <use Figures/XBO6.png>
Package pdftex.def Info: Figures/XBO6.png used on input line 283.
(pdftex.def)             Requested size: 389.80266pt x 276.33627pt.

[14 <C:/Users/Luis Eduardo/Documents/KIT/SpectroscopyAndPhotosensing/Spectrosco
py and Photo Sensing/Figures/XBO5.png>]
("C:\Users\Luis Eduardo\Documents\KIT\SpectroscopyAndPhotosensing\Spectroscopy 
and Photo Sensing\Spectroscopy and Photo Sensing.bbl" [15 <C:/Users/Luis Eduard
o/Documents/KIT/SpectroscopyAndPhotosensing/Spectroscopy and Photo Sensing/Figu
res/XBO6.png>]) [16]
("C:\Users\Luis Eduardo\Documents\KIT\SpectroscopyAndPhotosensing\Spectroscopy 
and Photo Sensing\Spectroscopy and Photo Sensing.aux")

LaTeX Warning: There were multiply-defined labels.

 ) 
Here is how much of TeX's memory you used:
 3111 strings out of 493921
 41732 string characters out of 3144855
 101475 words of memory out of 3000000
 6334 multiletter control sequences out of 15000+200000
 10274 words of font info for 38 fonts, out of 3000000 for 9000
 841 hyphenation exceptions out of 8191
 42i,6n,30p,1083b,275s stack positions out of 5000i,500n,10000p,200000b,50000s
<C:/Program Files (x86)/MiKTeX 2.9/fonts/type1/public/amsfonts/cm/cmbx12.pfb>
<C:/Program Files (x86)/MiKTeX 2.9/fonts/type1/public/amsfonts/cm/cmr10.pfb><C:
/Program Files (x86)/MiKTeX 2.9/fonts/type1/public/amsfonts/cm/cmr12.pfb><C:/Pr
ogram Files (x86)/MiKTeX 2.9/fonts/type1/public/amsfonts/cm/cmr17.pfb><C:/Progr
am Files (x86)/MiKTeX 2.9/fonts/type1/public/amsfonts/cm/cmti10.pfb><C:/Program
 Files (x86)/MiKTeX 2.9/fonts/type1/public/amsfonts/cm/cmti12.pfb>
Output written on "Spectroscopy and Photo Sensing.pdf" (16 pages, 520398 bytes)
.
PDF statistics:
 98 PDF objects out of 1000 (max. 8388607)
 0 named destinations out of 1000 (max. 500000)
 61 words of extra memory for PDF output out of 10000 (max. 10000000)

